<?xml version="1.0" encoding="UTF-8"?>
<!-- Generated by org.testng.reporters.JUnitReportReporter -->
<testsuite hostname="DESKTOP-H9BGDOE" failures="0" tests="3" name="Azure.Project.GetListOfProject" time="3.331" errors="0" timestamp="2024-01-07T12:19:14 IST" skipped="2">
  <testcase classname="Azure.Project.GetListOfProject" name="getProjectList" time="3.331"/>
  <system-out/>
  <testcase classname="Azure.Project.GetListOfProject" name="deleteProject">
    <skipped/>
  </testcase> <!-- deleteProject -->
  <system-out/>
  <testcase classname="Azure.Project.GetListOfProject" name="createProject">
    <skipped/>
  </testcase> <!-- createProject -->
  <system-out/>
</testsuite> <!-- Azure.Project.GetListOfProject -->
