<?xml version="1.0" encoding="UTF-8"?>
<!-- Generated by org.testng.reporters.JUnitReportReporter -->
<testsuite hostname="DESKTOP-H9BGDOE" failures="0" tests="1" name="Azure.Backlog.GetBacklog" time="4.071" errors="0" timestamp="2024-02-22T15:55:01 IST" skipped="0">
  <testcase classname="Azure.Backlog.GetBacklog" name="getBacklog" time="4.071"/>
  <system-out/>
</testsuite> <!-- Azure.Backlog.GetBacklog -->
