<?xml version="1.0" encoding="UTF-8"?>
<!-- Generated by org.testng.reporters.JUnitReportReporter -->
<testsuite hostname="DESKTOP-H9BGDOE" failures="0" tests="2" name="Azure.Project.DeleteProject" time="0.412" errors="0" timestamp="2024-02-23T16:26:27 IST" skipped="0">
  <testcase classname="Azure.Project.DeleteProject" name="getProjectIdFromName" time="0.406"/>
  <system-out/>
  <testcase classname="Azure.Project.DeleteProject" name="deleteProject" time="0.006"/>
  <system-out/>
</testsuite> <!-- Azure.Project.DeleteProject -->
