<?xml version="1.0" encoding="UTF-8"?>
<!-- Generated by org.testng.reporters.JUnitReportReporter -->
<testsuite hostname="DESKTOP-H9BGDOE" failures="0" tests="1" name="RestAssured.RestAssured.GettingResource" time="4.659" errors="0" timestamp="2024-01-01T12:15:42 IST" skipped="0">
  <testcase classname="RestAssured.RestAssured.GettingResource" name="getResource" time="4.659"/>
  <system-out/>
</testsuite> <!-- RestAssured.RestAssured.GettingResource -->
