<?xml version="1.0" encoding="UTF-8"?>
<!-- Generated by org.testng.reporters.JUnitReportReporter -->
<testsuite hostname="DESKTOP-H9BGDOE" failures="0" tests="1" name="Azure.Project.GetListOfProject" time="3.454" errors="0" timestamp="2024-02-22T14:47:31 IST" skipped="0">
  <testcase classname="Azure.Project.GetListOfProject" name="getProjectList" time="3.454"/>
  <system-out/>
</testsuite> <!-- Azure.Project.GetListOfProject -->
