<?xml version="1.0" encoding="UTF-8"?>
<!-- Generated by org.testng.reporters.JUnitReportReporter -->
<testsuite hostname="DESKTOP-H9BGDOE" failures="0" tests="1" name="Azure.Profiles.GetProfile" time="3.500" errors="0" timestamp="2024-02-22T14:12:29 IST" skipped="0">
  <testcase classname="Azure.Profiles.GetProfile" name="getProfile" time="3.500"/>
  <system-out/>
</testsuite> <!-- Azure.Profiles.GetProfile -->
