<?xml version="1.0" encoding="UTF-8"?>
<!-- Generated by org.testng.reporters.JUnitReportReporter -->
<testsuite hostname="DESKTOP-H9BGDOE" failures="0" tests="1" name="AzureDevops.GetListOfProject" time="2.826" errors="0" timestamp="2024-01-02T16:54:32 IST" skipped="0">
  <testcase classname="AzureDevops.GetListOfProject" name="getProjectList" time="2.826"/>
  <system-out/>
</testsuite> <!-- AzureDevops.GetListOfProject -->
