<?xml version="1.0" encoding="UTF-8"?>
<!-- Generated by org.testng.reporters.JUnitReportReporter -->
<testsuite hostname="DESKTOP-H9BGDOE" failures="0" tests="1" name="Azure.Project.GetProjectProperties" time="0.567" errors="0" timestamp="2024-02-22T11:21:37 IST" skipped="0">
  <testcase classname="Azure.Project.GetProjectProperties" name="GetProjectProperties" time="0.567"/>
  <system-out/>
</testsuite> <!-- Azure.Project.GetProjectProperties -->
