<?xml version="1.0" encoding="UTF-8"?>
<!-- Generated by org.testng.reporters.JUnitReportReporter -->
<testsuite hostname="DESKTOP-H9BGDOE" failures="0" tests="1" name="RestAssured.RestAssured.AppTest" time="4.186" errors="0" timestamp="2024-02-21T11:59:18 IST" skipped="0">
  <testcase classname="RestAssured.RestAssured.AppTest" name="shouldAnswerWithTrue" time="4.186"/>
  <system-out/>
</testsuite> <!-- RestAssured.RestAssured.AppTest -->
