<?xml version="1.0" encoding="UTF-8"?>
<!-- Generated by org.testng.reporters.JUnitReportReporter -->
<testsuite hostname="DESKTOP-H9BGDOE" failures="0" tests="1" name="Azure.Backlog.GetBacklogList" time="3.801" errors="0" timestamp="2024-02-22T16:02:04 IST" skipped="0">
  <testcase classname="Azure.Backlog.GetBacklogList" name="getBacklogList" time="3.801"/>
  <system-out/>
</testsuite> <!-- Azure.Backlog.GetBacklogList -->
