<?xml version="1.0" encoding="UTF-8"?>
<!-- Generated by org.testng.reporters.JUnitReportReporter -->
<testsuite hostname="DESKTOP-H9BGDOE" failures="0" tests="1" name="Azure.Backlog.GetBacklogLevel" time="3.948" errors="0" timestamp="2024-02-22T15:31:39 IST" skipped="0">
  <testcase classname="Azure.Backlog.GetBacklogLevel" name="getBacklog" time="3.948"/>
  <system-out/>
</testsuite> <!-- Azure.Backlog.GetBacklogLevel -->
