<?xml version="1.0" encoding="UTF-8"?>
<!-- Generated by org.testng.reporters.JUnitReportReporter -->
<testsuite hostname="DESKTOP-H9BGDOE" failures="0" tests="2" name="Azure.Project.DeleteProject" time="0.561" errors="0" timestamp="2024-02-22T11:21:37 IST" skipped="0">
  <testcase classname="Azure.Project.DeleteProject" name="getProjectIdFromName" time="0.559"/>
  <system-out/>
  <testcase classname="Azure.Project.DeleteProject" name="deleteProject" time="0.002"/>
  <system-out/>
</testsuite> <!-- Azure.Project.DeleteProject -->
