<?xml version="1.0" encoding="UTF-8"?>
<!-- Generated by org.testng.reporters.JUnitReportReporter -->
<testsuite hostname="DESKTOP-H9BGDOE" failures="0" tests="1" name="Azure.Project.DeleteAllProject" time="10.730" errors="0" timestamp="2024-02-22T10:42:13 IST" skipped="0">
  <testcase classname="Azure.Project.DeleteAllProject" name="deleteAllProject" time="10.730"/>
  <system-out/>
</testsuite> <!-- Azure.Project.DeleteAllProject -->
