<?xml version="1.0" encoding="UTF-8"?>
<!-- Generated by org.testng.reporters.JUnitReportReporter -->
<testsuite hostname="DESKTOP-H9BGDOE" failures="0" tests="1" name="Azure.Project.GetProject" time="0.677" errors="0" timestamp="2024-02-22T11:21:37 IST" skipped="0">
  <testcase classname="Azure.Project.GetProject" name="getProject" time="0.677"/>
  <system-out/>
</testsuite> <!-- Azure.Project.GetProject -->
