<?xml version="1.0" encoding="UTF-8"?>
<!-- Generated by org.testng.reporters.JUnitReportReporter -->
<testsuite hostname="DESKTOP-H9BGDOE" failures="0" tests="1" name="Azure.Project.CreateProject" time="0.935" errors="0" timestamp="2024-02-22T11:21:37 IST" skipped="0">
  <testcase classname="Azure.Project.CreateProject" name="createProject" time="0.935"/>
  <system-out/>
</testsuite> <!-- Azure.Project.CreateProject -->
